生成启动时间为 2023/5/18 20:39:01。
     1>项目“C:\Users\Administrator\Desktop\sr\datalink.vcxproj”在节点 2 上(Build 个目标)。
     1>ClCompile:
         C:\Program Files (x86)\Microsoft Visual Studio 12.0\VC\bin\CL.exe /c /ZI /nologo /W3 /WX- /sdl /Od /Oy- /D _MBCS /Gm /EHsc /RTC1 /MDd /GS /fp:precise /Zc:wchar_t /Zc:forScope /Fo"Debug\\" /Fd"Debug\vc120.pdb" /Gd /TC /analyze- /errorReport:prompt crc32.c datalink.c getopt.c lprintf.c protocol.c
         protocol.c
         lprintf.c
         getopt.c
         datalink.c
         crc32.c
         正在生成代码...
       Link:
         C:\Program Files (x86)\Microsoft Visual Studio 12.0\VC\bin\link.exe /ERRORREPORT:PROMPT /OUT:"C:\Users\Administrator\Desktop\sr\Debug\datalink.exe" /INCREMENTAL /NOLOGO kernel32.lib user32.lib gdi32.lib winspool.lib comdlg32.lib advapi32.lib shell32.lib ole32.lib oleaut32.lib uuid.lib odbc32.lib odbccp32.lib /MANIFEST /MANIFESTUAC:"level='asInvoker' uiAccess='false'" /manifest:embed /DEBUG /PDB:"C:\Users\Administrator\Desktop\sr\Debug\datalink.pdb" /TLBID:1 /DYNAMICBASE /NXCOMPAT /IMPLIB:"C:\Users\Administrator\Desktop\sr\Debug\datalink.lib" /MACHINE:X86 Debug\crc32.obj
         Debug\datalink.obj
         Debug\getopt.obj
         Debug\lprintf.obj
         Debug\protocol.obj
         datalink.vcxproj -> C:\Users\Administrator\Desktop\sr\Debug\datalink.exe
     1>已完成生成项目“C:\Users\Administrator\Desktop\sr\datalink.vcxproj”(Build 个目标)的操作。

生成成功。

已用时间 00:00:01.45
